[2021-11-04 00:03:01,719][AsyncResolver-bootstrap-executor-0][INFO][com.netflix.discovery.shared.resolver.aws.ConfigClusterResolver:43] Resolving eureka endpoints via configuration
[2021-11-04 00:08:01,885][AsyncResolver-bootstrap-executor-0][INFO][com.netflix.discovery.shared.resolver.aws.ConfigClusterResolver:43] Resolving eureka endpoints via configuration
[2021-11-04 00:13:01,897][AsyncResolver-bootstrap-executor-0][INFO][com.netflix.discovery.shared.resolver.aws.ConfigClusterResolver:43] Resolving eureka endpoints via configuration
[2021-11-04 00:18:01,902][AsyncResolver-bootstrap-executor-0][INFO][com.netflix.discovery.shared.resolver.aws.ConfigClusterResolver:43] Resolving eureka endpoints via configuration
[2021-11-04 00:23:01,907][AsyncResolver-bootstrap-executor-0][INFO][com.netflix.discovery.shared.resolver.aws.ConfigClusterResolver:43] Resolving eureka endpoints via configuration
[2021-11-04 00:28:01,919][AsyncResolver-bootstrap-executor-0][INFO][com.netflix.discovery.shared.resolver.aws.ConfigClusterResolver:43] Resolving eureka endpoints via configuration
[2021-11-04 00:33:01,927][AsyncResolver-bootstrap-executor-0][INFO][com.netflix.discovery.shared.resolver.aws.ConfigClusterResolver:43] Resolving eureka endpoints via configuration
[2021-11-04 00:38:01,939][AsyncResolver-bootstrap-executor-0][INFO][com.netflix.discovery.shared.resolver.aws.ConfigClusterResolver:43] Resolving eureka endpoints via configuration
[2021-11-04 00:43:01,943][AsyncResolver-bootstrap-executor-0][INFO][com.netflix.discovery.shared.resolver.aws.ConfigClusterResolver:43] Resolving eureka endpoints via configuration
[2021-11-04 00:48:01,945][AsyncResolver-bootstrap-executor-0][INFO][com.netflix.discovery.shared.resolver.aws.ConfigClusterResolver:43] Resolving eureka endpoints via configuration
[2021-11-04 00:53:01,960][AsyncResolver-bootstrap-executor-0][INFO][com.netflix.discovery.shared.resolver.aws.ConfigClusterResolver:43] Resolving eureka endpoints via configuration
[2021-11-04 00:58:01,962][AsyncResolver-bootstrap-executor-0][INFO][com.netflix.discovery.shared.resolver.aws.ConfigClusterResolver:43] Resolving eureka endpoints via configuration
[2021-11-04 01:03:01,968][AsyncResolver-bootstrap-executor-0][INFO][com.netflix.discovery.shared.resolver.aws.ConfigClusterResolver:43] Resolving eureka endpoints via configuration
[2021-11-04 01:08:01,981][AsyncResolver-bootstrap-executor-0][INFO][com.netflix.discovery.shared.resolver.aws.ConfigClusterResolver:43] Resolving eureka endpoints via configuration
[2021-11-04 01:13:01,982][AsyncResolver-bootstrap-executor-0][INFO][com.netflix.discovery.shared.resolver.aws.ConfigClusterResolver:43] Resolving eureka endpoints via configuration
[2021-11-04 01:18:01,993][AsyncResolver-bootstrap-executor-0][INFO][com.netflix.discovery.shared.resolver.aws.ConfigClusterResolver:43] Resolving eureka endpoints via configuration
[2021-11-04 01:23:02,000][AsyncResolver-bootstrap-executor-0][INFO][com.netflix.discovery.shared.resolver.aws.ConfigClusterResolver:43] Resolving eureka endpoints via configuration
[2021-11-04 01:28:02,005][AsyncResolver-bootstrap-executor-0][INFO][com.netflix.discovery.shared.resolver.aws.ConfigClusterResolver:43] Resolving eureka endpoints via configuration
[2021-11-04 01:33:02,009][AsyncResolver-bootstrap-executor-0][INFO][com.netflix.discovery.shared.resolver.aws.ConfigClusterResolver:43] Resolving eureka endpoints via configuration
[2021-11-04 01:38:02,021][AsyncResolver-bootstrap-executor-0][INFO][com.netflix.discovery.shared.resolver.aws.ConfigClusterResolver:43] Resolving eureka endpoints via configuration
[2021-11-04 01:43:02,035][AsyncResolver-bootstrap-executor-0][INFO][com.netflix.discovery.shared.resolver.aws.ConfigClusterResolver:43] Resolving eureka endpoints via configuration
[2021-11-04 01:48:02,035][AsyncResolver-bootstrap-executor-0][INFO][com.netflix.discovery.shared.resolver.aws.ConfigClusterResolver:43] Resolving eureka endpoints via configuration
[2021-11-04 01:53:02,049][AsyncResolver-bootstrap-executor-0][INFO][com.netflix.discovery.shared.resolver.aws.ConfigClusterResolver:43] Resolving eureka endpoints via configuration
[2021-11-04 01:58:02,052][AsyncResolver-bootstrap-executor-0][INFO][com.netflix.discovery.shared.resolver.aws.ConfigClusterResolver:43] Resolving eureka endpoints via configuration
[2021-11-04 02:03:02,053][AsyncResolver-bootstrap-executor-0][INFO][com.netflix.discovery.shared.resolver.aws.ConfigClusterResolver:43] Resolving eureka endpoints via configuration
[2021-11-04 02:08:02,067][AsyncResolver-bootstrap-executor-0][INFO][com.netflix.discovery.shared.resolver.aws.ConfigClusterResolver:43] Resolving eureka endpoints via configuration
[2021-11-04 02:13:02,073][AsyncResolver-bootstrap-executor-0][INFO][com.netflix.discovery.shared.resolver.aws.ConfigClusterResolver:43] Resolving eureka endpoints via configuration
[2021-11-04 02:18:02,085][AsyncResolver-bootstrap-executor-0][INFO][com.netflix.discovery.shared.resolver.aws.ConfigClusterResolver:43] Resolving eureka endpoints via configuration
[2021-11-04 02:23:02,098][AsyncResolver-bootstrap-executor-0][INFO][com.netflix.discovery.shared.resolver.aws.ConfigClusterResolver:43] Resolving eureka endpoints via configuration
[2021-11-04 02:28:02,112][AsyncResolver-bootstrap-executor-0][INFO][com.netflix.discovery.shared.resolver.aws.ConfigClusterResolver:43] Resolving eureka endpoints via configuration
[2021-11-04 02:33:02,112][AsyncResolver-bootstrap-executor-0][INFO][com.netflix.discovery.shared.resolver.aws.ConfigClusterResolver:43] Resolving eureka endpoints via configuration
[2021-11-04 02:38:02,122][AsyncResolver-bootstrap-executor-0][INFO][com.netflix.discovery.shared.resolver.aws.ConfigClusterResolver:43] Resolving eureka endpoints via configuration
[2021-11-04 02:43:02,131][AsyncResolver-bootstrap-executor-0][INFO][com.netflix.discovery.shared.resolver.aws.ConfigClusterResolver:43] Resolving eureka endpoints via configuration
[2021-11-04 02:48:02,144][AsyncResolver-bootstrap-executor-0][INFO][com.netflix.discovery.shared.resolver.aws.ConfigClusterResolver:43] Resolving eureka endpoints via configuration
[2021-11-04 02:53:02,145][AsyncResolver-bootstrap-executor-0][INFO][com.netflix.discovery.shared.resolver.aws.ConfigClusterResolver:43] Resolving eureka endpoints via configuration
[2021-11-04 02:58:02,148][AsyncResolver-bootstrap-executor-0][INFO][com.netflix.discovery.shared.resolver.aws.ConfigClusterResolver:43] Resolving eureka endpoints via configuration
[2021-11-04 03:03:02,158][AsyncResolver-bootstrap-executor-0][INFO][com.netflix.discovery.shared.resolver.aws.ConfigClusterResolver:43] Resolving eureka endpoints via configuration
[2021-11-04 03:08:02,159][AsyncResolver-bootstrap-executor-0][INFO][com.netflix.discovery.shared.resolver.aws.ConfigClusterResolver:43] Resolving eureka endpoints via configuration
[2021-11-04 03:13:02,169][AsyncResolver-bootstrap-executor-0][INFO][com.netflix.discovery.shared.resolver.aws.ConfigClusterResolver:43] Resolving eureka endpoints via configuration
[2021-11-04 03:18:02,180][AsyncResolver-bootstrap-executor-0][INFO][com.netflix.discovery.shared.resolver.aws.ConfigClusterResolver:43] Resolving eureka endpoints via configuration
[2021-11-04 03:23:02,189][AsyncResolver-bootstrap-executor-0][INFO][com.netflix.discovery.shared.resolver.aws.ConfigClusterResolver:43] Resolving eureka endpoints via configuration
[2021-11-04 03:28:02,197][AsyncResolver-bootstrap-executor-0][INFO][com.netflix.discovery.shared.resolver.aws.ConfigClusterResolver:43] Resolving eureka endpoints via configuration
[2021-11-04 03:33:02,205][AsyncResolver-bootstrap-executor-0][INFO][com.netflix.discovery.shared.resolver.aws.ConfigClusterResolver:43] Resolving eureka endpoints via configuration
[2021-11-04 03:38:02,213][AsyncResolver-bootstrap-executor-0][INFO][com.netflix.discovery.shared.resolver.aws.ConfigClusterResolver:43] Resolving eureka endpoints via configuration
[2021-11-04 03:43:02,215][AsyncResolver-bootstrap-executor-0][INFO][com.netflix.discovery.shared.resolver.aws.ConfigClusterResolver:43] Resolving eureka endpoints via configuration
[2021-11-04 03:48:02,217][AsyncResolver-bootstrap-executor-0][INFO][com.netflix.discovery.shared.resolver.aws.ConfigClusterResolver:43] Resolving eureka endpoints via configuration
[2021-11-04 03:53:02,226][AsyncResolver-bootstrap-executor-0][INFO][com.netflix.discovery.shared.resolver.aws.ConfigClusterResolver:43] Resolving eureka endpoints via configuration
[2021-11-04 03:58:02,240][AsyncResolver-bootstrap-executor-0][INFO][com.netflix.discovery.shared.resolver.aws.ConfigClusterResolver:43] Resolving eureka endpoints via configuration
[2021-11-04 04:03:02,255][AsyncResolver-bootstrap-executor-0][INFO][com.netflix.discovery.shared.resolver.aws.ConfigClusterResolver:43] Resolving eureka endpoints via configuration
[2021-11-04 04:08:02,269][AsyncResolver-bootstrap-executor-0][INFO][com.netflix.discovery.shared.resolver.aws.ConfigClusterResolver:43] Resolving eureka endpoints via configuration
[2021-11-04 04:13:02,283][AsyncResolver-bootstrap-executor-0][INFO][com.netflix.discovery.shared.resolver.aws.ConfigClusterResolver:43] Resolving eureka endpoints via configuration
[2021-11-04 04:18:02,285][AsyncResolver-bootstrap-executor-0][INFO][com.netflix.discovery.shared.resolver.aws.ConfigClusterResolver:43] Resolving eureka endpoints via configuration
[2021-11-04 04:23:02,296][AsyncResolver-bootstrap-executor-0][INFO][com.netflix.discovery.shared.resolver.aws.ConfigClusterResolver:43] Resolving eureka endpoints via configuration
[2021-11-04 04:28:02,305][AsyncResolver-bootstrap-executor-0][INFO][com.netflix.discovery.shared.resolver.aws.ConfigClusterResolver:43] Resolving eureka endpoints via configuration
[2021-11-04 04:33:02,320][AsyncResolver-bootstrap-executor-0][INFO][com.netflix.discovery.shared.resolver.aws.ConfigClusterResolver:43] Resolving eureka endpoints via configuration
[2021-11-04 04:38:02,330][AsyncResolver-bootstrap-executor-0][INFO][com.netflix.discovery.shared.resolver.aws.ConfigClusterResolver:43] Resolving eureka endpoints via configuration
[2021-11-04 04:43:02,337][AsyncResolver-bootstrap-executor-0][INFO][com.netflix.discovery.shared.resolver.aws.ConfigClusterResolver:43] Resolving eureka endpoints via configuration
[2021-11-04 04:48:02,344][AsyncResolver-bootstrap-executor-0][INFO][com.netflix.discovery.shared.resolver.aws.ConfigClusterResolver:43] Resolving eureka endpoints via configuration
[2021-11-04 04:53:02,349][AsyncResolver-bootstrap-executor-0][INFO][com.netflix.discovery.shared.resolver.aws.ConfigClusterResolver:43] Resolving eureka endpoints via configuration
[2021-11-04 04:58:02,362][AsyncResolver-bootstrap-executor-0][INFO][com.netflix.discovery.shared.resolver.aws.ConfigClusterResolver:43] Resolving eureka endpoints via configuration
[2021-11-04 05:03:02,369][AsyncResolver-bootstrap-executor-0][INFO][com.netflix.discovery.shared.resolver.aws.ConfigClusterResolver:43] Resolving eureka endpoints via configuration
[2021-11-04 05:08:02,382][AsyncResolver-bootstrap-executor-0][INFO][com.netflix.discovery.shared.resolver.aws.ConfigClusterResolver:43] Resolving eureka endpoints via configuration
[2021-11-04 05:13:02,383][AsyncResolver-bootstrap-executor-0][INFO][com.netflix.discovery.shared.resolver.aws.ConfigClusterResolver:43] Resolving eureka endpoints via configuration
[2021-11-04 05:18:02,385][AsyncResolver-bootstrap-executor-0][INFO][com.netflix.discovery.shared.resolver.aws.ConfigClusterResolver:43] Resolving eureka endpoints via configuration
[2021-11-04 05:23:02,393][AsyncResolver-bootstrap-executor-0][INFO][com.netflix.discovery.shared.resolver.aws.ConfigClusterResolver:43] Resolving eureka endpoints via configuration
[2021-11-04 05:28:02,398][AsyncResolver-bootstrap-executor-0][INFO][com.netflix.discovery.shared.resolver.aws.ConfigClusterResolver:43] Resolving eureka endpoints via configuration
[2021-11-04 05:33:02,402][AsyncResolver-bootstrap-executor-0][INFO][com.netflix.discovery.shared.resolver.aws.ConfigClusterResolver:43] Resolving eureka endpoints via configuration
[2021-11-04 05:38:02,408][AsyncResolver-bootstrap-executor-0][INFO][com.netflix.discovery.shared.resolver.aws.ConfigClusterResolver:43] Resolving eureka endpoints via configuration
[2021-11-04 05:43:02,410][AsyncResolver-bootstrap-executor-0][INFO][com.netflix.discovery.shared.resolver.aws.ConfigClusterResolver:43] Resolving eureka endpoints via configuration
[2021-11-04 05:48:02,421][AsyncResolver-bootstrap-executor-0][INFO][com.netflix.discovery.shared.resolver.aws.ConfigClusterResolver:43] Resolving eureka endpoints via configuration
[2021-11-04 05:53:02,430][AsyncResolver-bootstrap-executor-0][INFO][com.netflix.discovery.shared.resolver.aws.ConfigClusterResolver:43] Resolving eureka endpoints via configuration
[2021-11-04 05:58:02,444][AsyncResolver-bootstrap-executor-0][INFO][com.netflix.discovery.shared.resolver.aws.ConfigClusterResolver:43] Resolving eureka endpoints via configuration
[2021-11-04 06:03:02,445][AsyncResolver-bootstrap-executor-0][INFO][com.netflix.discovery.shared.resolver.aws.ConfigClusterResolver:43] Resolving eureka endpoints via configuration
[2021-11-04 06:08:02,446][AsyncResolver-bootstrap-executor-0][INFO][com.netflix.discovery.shared.resolver.aws.ConfigClusterResolver:43] Resolving eureka endpoints via configuration
[2021-11-04 06:13:02,459][AsyncResolver-bootstrap-executor-0][INFO][com.netflix.discovery.shared.resolver.aws.ConfigClusterResolver:43] Resolving eureka endpoints via configuration
[2021-11-04 06:18:02,468][AsyncResolver-bootstrap-executor-0][INFO][com.netflix.discovery.shared.resolver.aws.ConfigClusterResolver:43] Resolving eureka endpoints via configuration
[2021-11-04 06:23:02,469][AsyncResolver-bootstrap-executor-0][INFO][com.netflix.discovery.shared.resolver.aws.ConfigClusterResolver:43] Resolving eureka endpoints via configuration
[2021-11-04 06:28:02,476][AsyncResolver-bootstrap-executor-0][INFO][com.netflix.discovery.shared.resolver.aws.ConfigClusterResolver:43] Resolving eureka endpoints via configuration
[2021-11-04 06:33:02,481][AsyncResolver-bootstrap-executor-0][INFO][com.netflix.discovery.shared.resolver.aws.ConfigClusterResolver:43] Resolving eureka endpoints via configuration
[2021-11-04 06:38:02,482][AsyncResolver-bootstrap-executor-0][INFO][com.netflix.discovery.shared.resolver.aws.ConfigClusterResolver:43] Resolving eureka endpoints via configuration
[2021-11-04 06:43:02,496][AsyncResolver-bootstrap-executor-0][INFO][com.netflix.discovery.shared.resolver.aws.ConfigClusterResolver:43] Resolving eureka endpoints via configuration
[2021-11-04 06:48:02,512][AsyncResolver-bootstrap-executor-0][INFO][com.netflix.discovery.shared.resolver.aws.ConfigClusterResolver:43] Resolving eureka endpoints via configuration
[2021-11-04 06:53:02,519][AsyncResolver-bootstrap-executor-0][INFO][com.netflix.discovery.shared.resolver.aws.ConfigClusterResolver:43] Resolving eureka endpoints via configuration
[2021-11-04 06:58:02,535][AsyncResolver-bootstrap-executor-0][INFO][com.netflix.discovery.shared.resolver.aws.ConfigClusterResolver:43] Resolving eureka endpoints via configuration
[2021-11-04 07:03:02,541][AsyncResolver-bootstrap-executor-0][INFO][com.netflix.discovery.shared.resolver.aws.ConfigClusterResolver:43] Resolving eureka endpoints via configuration
[2021-11-04 07:08:02,544][AsyncResolver-bootstrap-executor-0][INFO][com.netflix.discovery.shared.resolver.aws.ConfigClusterResolver:43] Resolving eureka endpoints via configuration
[2021-11-04 07:13:02,557][AsyncResolver-bootstrap-executor-0][INFO][com.netflix.discovery.shared.resolver.aws.ConfigClusterResolver:43] Resolving eureka endpoints via configuration
[2021-11-04 07:18:02,562][AsyncResolver-bootstrap-executor-0][INFO][com.netflix.discovery.shared.resolver.aws.ConfigClusterResolver:43] Resolving eureka endpoints via configuration
[2021-11-04 07:23:02,574][AsyncResolver-bootstrap-executor-0][INFO][com.netflix.discovery.shared.resolver.aws.ConfigClusterResolver:43] Resolving eureka endpoints via configuration
[2021-11-04 07:28:02,588][AsyncResolver-bootstrap-executor-0][INFO][com.netflix.discovery.shared.resolver.aws.ConfigClusterResolver:43] Resolving eureka endpoints via configuration
[2021-11-04 07:33:02,598][AsyncResolver-bootstrap-executor-0][INFO][com.netflix.discovery.shared.resolver.aws.ConfigClusterResolver:43] Resolving eureka endpoints via configuration
[2021-11-04 07:38:02,610][AsyncResolver-bootstrap-executor-0][INFO][com.netflix.discovery.shared.resolver.aws.ConfigClusterResolver:43] Resolving eureka endpoints via configuration
[2021-11-04 07:43:02,611][AsyncResolver-bootstrap-executor-0][INFO][com.netflix.discovery.shared.resolver.aws.ConfigClusterResolver:43] Resolving eureka endpoints via configuration
[2021-11-04 07:48:02,620][AsyncResolver-bootstrap-executor-0][INFO][com.netflix.discovery.shared.resolver.aws.ConfigClusterResolver:43] Resolving eureka endpoints via configuration
[2021-11-04 07:53:02,626][AsyncResolver-bootstrap-executor-0][INFO][com.netflix.discovery.shared.resolver.aws.ConfigClusterResolver:43] Resolving eureka endpoints via configuration
[2021-11-04 07:58:02,628][AsyncResolver-bootstrap-executor-0][INFO][com.netflix.discovery.shared.resolver.aws.ConfigClusterResolver:43] Resolving eureka endpoints via configuration
[2021-11-04 08:03:02,631][AsyncResolver-bootstrap-executor-0][INFO][com.netflix.discovery.shared.resolver.aws.ConfigClusterResolver:43] Resolving eureka endpoints via configuration
[2021-11-04 08:08:02,641][AsyncResolver-bootstrap-executor-0][INFO][com.netflix.discovery.shared.resolver.aws.ConfigClusterResolver:43] Resolving eureka endpoints via configuration
[2021-11-04 08:13:02,657][AsyncResolver-bootstrap-executor-0][INFO][com.netflix.discovery.shared.resolver.aws.ConfigClusterResolver:43] Resolving eureka endpoints via configuration
[2021-11-04 08:18:02,664][AsyncResolver-bootstrap-executor-0][INFO][com.netflix.discovery.shared.resolver.aws.ConfigClusterResolver:43] Resolving eureka endpoints via configuration
[2021-11-04 08:23:02,678][AsyncResolver-bootstrap-executor-0][INFO][com.netflix.discovery.shared.resolver.aws.ConfigClusterResolver:43] Resolving eureka endpoints via configuration
[2021-11-04 08:28:02,680][AsyncResolver-bootstrap-executor-0][INFO][com.netflix.discovery.shared.resolver.aws.ConfigClusterResolver:43] Resolving eureka endpoints via configuration
[2021-11-04 08:33:02,686][AsyncResolver-bootstrap-executor-0][INFO][com.netflix.discovery.shared.resolver.aws.ConfigClusterResolver:43] Resolving eureka endpoints via configuration
[2021-11-04 08:38:02,700][AsyncResolver-bootstrap-executor-0][INFO][com.netflix.discovery.shared.resolver.aws.ConfigClusterResolver:43] Resolving eureka endpoints via configuration
[2021-11-04 08:43:02,709][AsyncResolver-bootstrap-executor-0][INFO][com.netflix.discovery.shared.resolver.aws.ConfigClusterResolver:43] Resolving eureka endpoints via configuration
[2021-11-04 08:48:02,720][AsyncResolver-bootstrap-executor-0][INFO][com.netflix.discovery.shared.resolver.aws.ConfigClusterResolver:43] Resolving eureka endpoints via configuration
[2021-11-04 08:53:02,729][AsyncResolver-bootstrap-executor-0][INFO][com.netflix.discovery.shared.resolver.aws.ConfigClusterResolver:43] Resolving eureka endpoints via configuration
[2021-11-04 08:58:02,740][AsyncResolver-bootstrap-executor-0][INFO][com.netflix.discovery.shared.resolver.aws.ConfigClusterResolver:43] Resolving eureka endpoints via configuration
[2021-11-04 09:03:02,749][AsyncResolver-bootstrap-executor-0][INFO][com.netflix.discovery.shared.resolver.aws.ConfigClusterResolver:43] Resolving eureka endpoints via configuration
[2021-11-04 09:08:02,765][AsyncResolver-bootstrap-executor-0][INFO][com.netflix.discovery.shared.resolver.aws.ConfigClusterResolver:43] Resolving eureka endpoints via configuration
[2021-11-04 09:13:02,773][AsyncResolver-bootstrap-executor-0][INFO][com.netflix.discovery.shared.resolver.aws.ConfigClusterResolver:43] Resolving eureka endpoints via configuration
[2021-11-04 09:18:02,784][AsyncResolver-bootstrap-executor-0][INFO][com.netflix.discovery.shared.resolver.aws.ConfigClusterResolver:43] Resolving eureka endpoints via configuration
[2021-11-04 09:23:02,787][AsyncResolver-bootstrap-executor-0][INFO][com.netflix.discovery.shared.resolver.aws.ConfigClusterResolver:43] Resolving eureka endpoints via configuration
[2021-11-04 09:28:02,798][AsyncResolver-bootstrap-executor-0][INFO][com.netflix.discovery.shared.resolver.aws.ConfigClusterResolver:43] Resolving eureka endpoints via configuration
[2021-11-04 09:33:02,802][AsyncResolver-bootstrap-executor-0][INFO][com.netflix.discovery.shared.resolver.aws.ConfigClusterResolver:43] Resolving eureka endpoints via configuration
[2021-11-04 09:38:02,808][AsyncResolver-bootstrap-executor-0][INFO][com.netflix.discovery.shared.resolver.aws.ConfigClusterResolver:43] Resolving eureka endpoints via configuration
[2021-11-04 09:43:02,821][AsyncResolver-bootstrap-executor-0][INFO][com.netflix.discovery.shared.resolver.aws.ConfigClusterResolver:43] Resolving eureka endpoints via configuration
[2021-11-04 09:48:02,822][AsyncResolver-bootstrap-executor-0][INFO][com.netflix.discovery.shared.resolver.aws.ConfigClusterResolver:43] Resolving eureka endpoints via configuration
[2021-11-04 09:53:02,829][AsyncResolver-bootstrap-executor-0][INFO][com.netflix.discovery.shared.resolver.aws.ConfigClusterResolver:43] Resolving eureka endpoints via configuration
[2021-11-04 09:58:02,842][AsyncResolver-bootstrap-executor-0][INFO][com.netflix.discovery.shared.resolver.aws.ConfigClusterResolver:43] Resolving eureka endpoints via configuration
[2021-11-04 10:03:02,857][AsyncResolver-bootstrap-executor-0][INFO][com.netflix.discovery.shared.resolver.aws.ConfigClusterResolver:43] Resolving eureka endpoints via configuration
[2021-11-04 10:08:02,858][AsyncResolver-bootstrap-executor-0][INFO][com.netflix.discovery.shared.resolver.aws.ConfigClusterResolver:43] Resolving eureka endpoints via configuration
[2021-11-04 10:13:02,860][AsyncResolver-bootstrap-executor-0][INFO][com.netflix.discovery.shared.resolver.aws.ConfigClusterResolver:43] Resolving eureka endpoints via configuration
[2021-11-04 10:18:02,866][AsyncResolver-bootstrap-executor-0][INFO][com.netflix.discovery.shared.resolver.aws.ConfigClusterResolver:43] Resolving eureka endpoints via configuration
[2021-11-04 10:23:02,869][AsyncResolver-bootstrap-executor-0][INFO][com.netflix.discovery.shared.resolver.aws.ConfigClusterResolver:43] Resolving eureka endpoints via configuration
[2021-11-04 10:28:02,879][AsyncResolver-bootstrap-executor-0][INFO][com.netflix.discovery.shared.resolver.aws.ConfigClusterResolver:43] Resolving eureka endpoints via configuration
[2021-11-04 10:33:02,884][AsyncResolver-bootstrap-executor-0][INFO][com.netflix.discovery.shared.resolver.aws.ConfigClusterResolver:43] Resolving eureka endpoints via configuration
[2021-11-04 10:38:02,888][AsyncResolver-bootstrap-executor-0][INFO][com.netflix.discovery.shared.resolver.aws.ConfigClusterResolver:43] Resolving eureka endpoints via configuration
[2021-11-04 10:43:02,894][AsyncResolver-bootstrap-executor-0][INFO][com.netflix.discovery.shared.resolver.aws.ConfigClusterResolver:43] Resolving eureka endpoints via configuration
[2021-11-04 10:48:02,908][AsyncResolver-bootstrap-executor-0][INFO][com.netflix.discovery.shared.resolver.aws.ConfigClusterResolver:43] Resolving eureka endpoints via configuration
[2021-11-04 10:53:02,918][AsyncResolver-bootstrap-executor-0][INFO][com.netflix.discovery.shared.resolver.aws.ConfigClusterResolver:43] Resolving eureka endpoints via configuration
[2021-11-04 10:58:02,934][AsyncResolver-bootstrap-executor-0][INFO][com.netflix.discovery.shared.resolver.aws.ConfigClusterResolver:43] Resolving eureka endpoints via configuration
[2021-11-04 11:03:02,942][AsyncResolver-bootstrap-executor-0][INFO][com.netflix.discovery.shared.resolver.aws.ConfigClusterResolver:43] Resolving eureka endpoints via configuration
[2021-11-04 11:08:02,956][AsyncResolver-bootstrap-executor-0][INFO][com.netflix.discovery.shared.resolver.aws.ConfigClusterResolver:43] Resolving eureka endpoints via configuration
[2021-11-04 11:13:02,969][AsyncResolver-bootstrap-executor-0][INFO][com.netflix.discovery.shared.resolver.aws.ConfigClusterResolver:43] Resolving eureka endpoints via configuration
[2021-11-04 11:18:02,972][AsyncResolver-bootstrap-executor-0][INFO][com.netflix.discovery.shared.resolver.aws.ConfigClusterResolver:43] Resolving eureka endpoints via configuration
[2021-11-04 11:23:02,980][AsyncResolver-bootstrap-executor-0][INFO][com.netflix.discovery.shared.resolver.aws.ConfigClusterResolver:43] Resolving eureka endpoints via configuration
[2021-11-04 11:28:02,984][AsyncResolver-bootstrap-executor-0][INFO][com.netflix.discovery.shared.resolver.aws.ConfigClusterResolver:43] Resolving eureka endpoints via configuration
[2021-11-04 11:33:02,999][AsyncResolver-bootstrap-executor-0][INFO][com.netflix.discovery.shared.resolver.aws.ConfigClusterResolver:43] Resolving eureka endpoints via configuration
[2021-11-04 11:38:03,012][AsyncResolver-bootstrap-executor-0][INFO][com.netflix.discovery.shared.resolver.aws.ConfigClusterResolver:43] Resolving eureka endpoints via configuration
[2021-11-04 11:42:00,856][scheduling-1][INFO][com.cmcc.noobcloud.networkservice.task.NetworkConfigInfoSchedule:48] com.cmcc.noobcloud.networkservice.task.NetworkConfigInfoSchedule$$EnhancerBySpringCGLIB$$a85e69be开始定时更新,现在的时间是:Thu Nov 04 11:42:00 CST 2021
[2021-11-04 11:42:01,219][scheduling-1][INFO][com.atomikos.datasource.xa.XATransactionalResource:28] firstDataSource: refreshed XAResource
[2021-11-04 11:42:01,354][scheduling-1][INFO][com.cmcc.noobcloud.networkservice.task.NetworkConfigInfoSchedule:52] com.cmcc.noobcloud.networkservice.task.NetworkConfigInfoSchedule$$EnhancerBySpringCGLIB$$a85e69bemaxThreads:6
[2021-11-04 11:42:01,354][scheduling-1][INFO][com.cmcc.noobcloud.networkservice.task.NetworkConfigInfoSchedule:69] com.cmcc.noobcloud.networkservice.task.NetworkConfigInfoSchedule$$EnhancerBySpringCGLIB$$a85e69be从1 到1000
[2021-11-04 11:42:22,674][pool-12-thread-1][INFO][com.cmcc.noobcloud.networkservice.threads.NetworkConfigInfo:173] com.cmcc.noobcloud.networkservice.threads.NetworkConfigInfo第0批次从0至1000执行完毕
[2021-11-04 11:42:22,674][scheduling-1][INFO][com.cmcc.noobcloud.networkservice.task.NetworkConfigInfoSchedule:82] com.cmcc.noobcloud.networkservice.task.NetworkConfigInfoSchedule$$EnhancerBySpringCGLIB$$a85e69be结束定时更新,现在的时间是:Thu Nov 04 11:42:22 CST 2021
[2021-11-04 11:43:03,022][AsyncResolver-bootstrap-executor-0][INFO][com.netflix.discovery.shared.resolver.aws.ConfigClusterResolver:43] Resolving eureka endpoints via configuration
[2021-11-04 11:46:00,013][scheduling-1][INFO][com.cmcc.noobcloud.networkservice.task.NetworkLogInfoSchedule:49] com.cmcc.noobcloud.networkservice.task.NetworkLogInfoSchedule$$EnhancerBySpringCGLIB$$28e8e530开始定时更新,现在的时间是:Thu Nov 04 11:46:00 CST 2021
[2021-11-04 11:46:00,014][scheduling-1][INFO][com.cmcc.noobcloud.networkservice.task.NetworkLogInfoSchedule:53] com.cmcc.noobcloud.networkservice.task.NetworkLogInfoSchedule$$EnhancerBySpringCGLIB$$28e8e530maxThreads:6
[2021-11-04 11:46:00,014][scheduling-1][INFO][com.cmcc.noobcloud.networkservice.task.NetworkLogInfoSchedule:70] com.cmcc.noobcloud.networkservice.task.NetworkLogInfoSchedule$$EnhancerBySpringCGLIB$$28e8e530从1 到1000
[2021-11-04 11:46:21,088][pool-13-thread-1][INFO][com.cmcc.noobcloud.networkservice.threads.NetworkLogInfo:101] com.cmcc.noobcloud.networkservice.threads.NetworkLogInfo第0批次从0至1000执行完毕
[2021-11-04 11:46:21,089][scheduling-1][INFO][com.cmcc.noobcloud.networkservice.task.NetworkLogInfoSchedule:83] com.cmcc.noobcloud.networkservice.task.NetworkLogInfoSchedule$$EnhancerBySpringCGLIB$$28e8e530结束定时更新,现在的时间是:Thu Nov 04 11:46:21 CST 2021
[2021-11-04 11:48:03,034][AsyncResolver-bootstrap-executor-0][INFO][com.netflix.discovery.shared.resolver.aws.ConfigClusterResolver:43] Resolving eureka endpoints via configuration
[2021-11-04 11:53:03,042][AsyncResolver-bootstrap-executor-0][INFO][com.netflix.discovery.shared.resolver.aws.ConfigClusterResolver:43] Resolving eureka endpoints via configuration
[2021-11-04 11:58:03,043][AsyncResolver-bootstrap-executor-0][INFO][com.netflix.discovery.shared.resolver.aws.ConfigClusterResolver:43] Resolving eureka endpoints via configuration
[2021-11-04 12:03:03,049][AsyncResolver-bootstrap-executor-0][INFO][com.netflix.discovery.shared.resolver.aws.ConfigClusterResolver:43] Resolving eureka endpoints via configuration
[2021-11-04 12:08:03,055][AsyncResolver-bootstrap-executor-0][INFO][com.netflix.discovery.shared.resolver.aws.ConfigClusterResolver:43] Resolving eureka endpoints via configuration
[2021-11-04 12:13:03,061][AsyncResolver-bootstrap-executor-0][INFO][com.netflix.discovery.shared.resolver.aws.ConfigClusterResolver:43] Resolving eureka endpoints via configuration
[2021-11-04 12:18:03,062][AsyncResolver-bootstrap-executor-0][INFO][com.netflix.discovery.shared.resolver.aws.ConfigClusterResolver:43] Resolving eureka endpoints via configuration
[2021-11-04 12:23:03,077][AsyncResolver-bootstrap-executor-0][INFO][com.netflix.discovery.shared.resolver.aws.ConfigClusterResolver:43] Resolving eureka endpoints via configuration
[2021-11-04 12:28:03,088][AsyncResolver-bootstrap-executor-0][INFO][com.netflix.discovery.shared.resolver.aws.ConfigClusterResolver:43] Resolving eureka endpoints via configuration
[2021-11-04 12:33:03,100][AsyncResolver-bootstrap-executor-0][INFO][com.netflix.discovery.shared.resolver.aws.ConfigClusterResolver:43] Resolving eureka endpoints via configuration
[2021-11-04 12:38:03,101][AsyncResolver-bootstrap-executor-0][INFO][com.netflix.discovery.shared.resolver.aws.ConfigClusterResolver:43] Resolving eureka endpoints via configuration
[2021-11-04 12:43:03,116][AsyncResolver-bootstrap-executor-0][INFO][com.netflix.discovery.shared.resolver.aws.ConfigClusterResolver:43] Resolving eureka endpoints via configuration
[2021-11-04 12:48:03,124][AsyncResolver-bootstrap-executor-0][INFO][com.netflix.discovery.shared.resolver.aws.ConfigClusterResolver:43] Resolving eureka endpoints via configuration
[2021-11-04 12:53:03,138][AsyncResolver-bootstrap-executor-0][INFO][com.netflix.discovery.shared.resolver.aws.ConfigClusterResolver:43] Resolving eureka endpoints via configuration
[2021-11-04 12:58:03,146][AsyncResolver-bootstrap-executor-0][INFO][com.netflix.discovery.shared.resolver.aws.ConfigClusterResolver:43] Resolving eureka endpoints via configuration
[2021-11-04 13:03:03,156][AsyncResolver-bootstrap-executor-0][INFO][com.netflix.discovery.shared.resolver.aws.ConfigClusterResolver:43] Resolving eureka endpoints via configuration
[2021-11-04 13:08:03,172][AsyncResolver-bootstrap-executor-0][INFO][com.netflix.discovery.shared.resolver.aws.ConfigClusterResolver:43] Resolving eureka endpoints via configuration
[2021-11-04 13:13:03,185][AsyncResolver-bootstrap-executor-0][INFO][com.netflix.discovery.shared.resolver.aws.ConfigClusterResolver:43] Resolving eureka endpoints via configuration
[2021-11-04 13:18:03,198][AsyncResolver-bootstrap-executor-0][INFO][com.netflix.discovery.shared.resolver.aws.ConfigClusterResolver:43] Resolving eureka endpoints via configuration
[2021-11-04 13:23:00,007][scheduling-1][INFO][com.cmcc.noobcloud.networkservice.task.BtsCellCoverRankSchedule:40] com.cmcc.noobcloud.networkservice.task.BtsCellCoverRankSchedule$$EnhancerBySpringCGLIB$$14f8db8c开始定时更新,现在的时间是:Thu Nov 04 13:23:00 CST 2021
[2021-11-04 13:23:00,044][scheduling-1][INFO][com.cmcc.noobcloud.networkservice.task.BtsCellCoverRankSchedule:44] com.cmcc.noobcloud.networkservice.task.BtsCellCoverRankSchedule$$EnhancerBySpringCGLIB$$14f8db8cmaxThreads:6
[2021-11-04 13:23:00,044][scheduling-1][INFO][com.cmcc.noobcloud.networkservice.task.BtsCellCoverRankSchedule:61] com.cmcc.noobcloud.networkservice.task.BtsCellCoverRankSchedule$$EnhancerBySpringCGLIB$$14f8db8c从1 到1000
[2021-11-04 13:23:00,068][scheduling-1][INFO][com.cmcc.noobcloud.networkservice.task.BtsCellCoverRankSchedule:61] com.cmcc.noobcloud.networkservice.task.BtsCellCoverRankSchedule$$EnhancerBySpringCGLIB$$14f8db8c从1001 到2000
[2021-11-04 13:23:00,068][scheduling-1][INFO][com.cmcc.noobcloud.networkservice.task.BtsCellCoverRankSchedule:61] com.cmcc.noobcloud.networkservice.task.BtsCellCoverRankSchedule$$EnhancerBySpringCGLIB$$14f8db8c从2001 到3000
[2021-11-04 13:23:00,068][scheduling-1][INFO][com.cmcc.noobcloud.networkservice.task.BtsCellCoverRankSchedule:61] com.cmcc.noobcloud.networkservice.task.BtsCellCoverRankSchedule$$EnhancerBySpringCGLIB$$14f8db8c从3001 到4000
[2021-11-04 13:23:00,068][scheduling-1][INFO][com.cmcc.noobcloud.networkservice.task.BtsCellCoverRankSchedule:61] com.cmcc.noobcloud.networkservice.task.BtsCellCoverRankSchedule$$EnhancerBySpringCGLIB$$14f8db8c从4001 到5000
[2021-11-04 13:23:00,070][scheduling-1][INFO][com.cmcc.noobcloud.networkservice.task.BtsCellCoverRankSchedule:61] com.cmcc.noobcloud.networkservice.task.BtsCellCoverRankSchedule$$EnhancerBySpringCGLIB$$14f8db8c从5001 到6000
[2021-11-04 13:23:03,200][AsyncResolver-bootstrap-executor-0][INFO][com.netflix.discovery.shared.resolver.aws.ConfigClusterResolver:43] Resolving eureka endpoints via configuration
[2021-11-04 13:23:49,020][pool-14-thread-6][INFO][com.cmcc.noobcloud.networkservice.task.BtsCellCoverRankSchedule:69] com.cmcc.noobcloud.networkservice.threads.BtsCellCoverRank第5批次从5000至6000执行完毕
[2021-11-04 13:23:49,024][pool-14-thread-5][INFO][com.cmcc.noobcloud.networkservice.task.BtsCellCoverRankSchedule:69] com.cmcc.noobcloud.networkservice.threads.BtsCellCoverRank第4批次从4000至5000执行完毕
[2021-11-04 13:23:49,126][pool-14-thread-2][INFO][com.cmcc.noobcloud.networkservice.task.BtsCellCoverRankSchedule:69] com.cmcc.noobcloud.networkservice.threads.BtsCellCoverRank第1批次从1000至2000执行完毕
[2021-11-04 13:23:49,133][pool-14-thread-3][INFO][com.cmcc.noobcloud.networkservice.task.BtsCellCoverRankSchedule:69] com.cmcc.noobcloud.networkservice.threads.BtsCellCoverRank第2批次从2000至3000执行完毕
[2021-11-04 13:23:49,160][pool-14-thread-4][INFO][com.cmcc.noobcloud.networkservice.task.BtsCellCoverRankSchedule:69] com.cmcc.noobcloud.networkservice.threads.BtsCellCoverRank第3批次从3000至4000执行完毕
[2021-11-04 13:23:49,199][pool-14-thread-1][INFO][com.cmcc.noobcloud.networkservice.task.BtsCellCoverRankSchedule:69] com.cmcc.noobcloud.networkservice.threads.BtsCellCoverRank第0批次从0至1000执行完毕
[2021-11-04 13:23:49,199][scheduling-1][INFO][com.cmcc.noobcloud.networkservice.task.BtsCellCoverRankSchedule:61] com.cmcc.noobcloud.networkservice.task.BtsCellCoverRankSchedule$$EnhancerBySpringCGLIB$$14f8db8c从6001 到7000
[2021-11-04 13:23:49,200][scheduling-1][INFO][com.cmcc.noobcloud.networkservice.task.BtsCellCoverRankSchedule:61] com.cmcc.noobcloud.networkservice.task.BtsCellCoverRankSchedule$$EnhancerBySpringCGLIB$$14f8db8c从7001 到8000
[2021-11-04 13:23:49,200][scheduling-1][INFO][com.cmcc.noobcloud.networkservice.task.BtsCellCoverRankSchedule:61] com.cmcc.noobcloud.networkservice.task.BtsCellCoverRankSchedule$$EnhancerBySpringCGLIB$$14f8db8c从8001 到9000
[2021-11-04 13:23:49,200][scheduling-1][INFO][com.cmcc.noobcloud.networkservice.task.BtsCellCoverRankSchedule:61] com.cmcc.noobcloud.networkservice.task.BtsCellCoverRankSchedule$$EnhancerBySpringCGLIB$$14f8db8c从9001 到10000
[2021-11-04 13:23:49,200][scheduling-1][INFO][com.cmcc.noobcloud.networkservice.task.BtsCellCoverRankSchedule:61] com.cmcc.noobcloud.networkservice.task.BtsCellCoverRankSchedule$$EnhancerBySpringCGLIB$$14f8db8c从10001 到11000
[2021-11-04 13:23:49,200][scheduling-1][INFO][com.cmcc.noobcloud.networkservice.task.BtsCellCoverRankSchedule:61] com.cmcc.noobcloud.networkservice.task.BtsCellCoverRankSchedule$$EnhancerBySpringCGLIB$$14f8db8c从11001 到12000
[2021-11-04 13:24:38,211][pool-15-thread-2][INFO][com.cmcc.noobcloud.networkservice.task.BtsCellCoverRankSchedule:69] com.cmcc.noobcloud.networkservice.threads.BtsCellCoverRank第7批次从7000至8000执行完毕
[2021-11-04 13:24:38,386][pool-15-thread-1][INFO][com.cmcc.noobcloud.networkservice.task.BtsCellCoverRankSchedule:69] com.cmcc.noobcloud.networkservice.threads.BtsCellCoverRank第6批次从6000至7000执行完毕
[2021-11-04 13:24:38,393][pool-15-thread-6][INFO][com.cmcc.noobcloud.networkservice.task.BtsCellCoverRankSchedule:69] com.cmcc.noobcloud.networkservice.threads.BtsCellCoverRank第11批次从11000至12000执行完毕
[2021-11-04 13:24:38,498][pool-15-thread-4][INFO][com.cmcc.noobcloud.networkservice.task.BtsCellCoverRankSchedule:69] com.cmcc.noobcloud.networkservice.threads.BtsCellCoverRank第9批次从9000至10000执行完毕
[2021-11-04 13:24:38,512][pool-15-thread-5][INFO][com.cmcc.noobcloud.networkservice.task.BtsCellCoverRankSchedule:69] com.cmcc.noobcloud.networkservice.threads.BtsCellCoverRank第10批次从10000至11000执行完毕
[2021-11-04 13:24:38,516][pool-15-thread-3][INFO][com.cmcc.noobcloud.networkservice.task.BtsCellCoverRankSchedule:69] com.cmcc.noobcloud.networkservice.threads.BtsCellCoverRank第8批次从8000至9000执行完毕
[2021-11-04 13:24:38,516][scheduling-1][INFO][com.cmcc.noobcloud.networkservice.task.BtsCellCoverRankSchedule:61] com.cmcc.noobcloud.networkservice.task.BtsCellCoverRankSchedule$$EnhancerBySpringCGLIB$$14f8db8c从12001 到13000
[2021-11-04 13:24:38,516][scheduling-1][INFO][com.cmcc.noobcloud.networkservice.task.BtsCellCoverRankSchedule:61] com.cmcc.noobcloud.networkservice.task.BtsCellCoverRankSchedule$$EnhancerBySpringCGLIB$$14f8db8c从13001 到14000
[2021-11-04 13:24:38,516][scheduling-1][INFO][com.cmcc.noobcloud.networkservice.task.BtsCellCoverRankSchedule:61] com.cmcc.noobcloud.networkservice.task.BtsCellCoverRankSchedule$$EnhancerBySpringCGLIB$$14f8db8c从14001 到15000
[2021-11-04 13:24:38,517][scheduling-1][INFO][com.cmcc.noobcloud.networkservice.task.BtsCellCoverRankSchedule:61] com.cmcc.noobcloud.networkservice.task.BtsCellCoverRankSchedule$$EnhancerBySpringCGLIB$$14f8db8c从15001 到16000
[2021-11-04 13:24:38,517][scheduling-1][INFO][com.cmcc.noobcloud.networkservice.task.BtsCellCoverRankSchedule:61] com.cmcc.noobcloud.networkservice.task.BtsCellCoverRankSchedule$$EnhancerBySpringCGLIB$$14f8db8c从16001 到17000
[2021-11-04 13:24:38,517][scheduling-1][INFO][com.cmcc.noobcloud.networkservice.task.BtsCellCoverRankSchedule:61] com.cmcc.noobcloud.networkservice.task.BtsCellCoverRankSchedule$$EnhancerBySpringCGLIB$$14f8db8c从17001 到18000
[2021-11-04 13:25:27,607][pool-16-thread-2][INFO][com.cmcc.noobcloud.networkservice.task.BtsCellCoverRankSchedule:69] com.cmcc.noobcloud.networkservice.threads.BtsCellCoverRank第13批次从13000至14000执行完毕
[2021-11-04 13:25:27,691][pool-16-thread-1][INFO][com.cmcc.noobcloud.networkservice.task.BtsCellCoverRankSchedule:69] com.cmcc.noobcloud.networkservice.threads.BtsCellCoverRank第12批次从12000至13000执行完毕
[2021-11-04 13:25:27,694][pool-16-thread-4][INFO][com.cmcc.noobcloud.networkservice.task.BtsCellCoverRankSchedule:69] com.cmcc.noobcloud.networkservice.threads.BtsCellCoverRank第15批次从15000至16000执行完毕
[2021-11-04 13:25:27,724][pool-16-thread-3][INFO][com.cmcc.noobcloud.networkservice.task.BtsCellCoverRankSchedule:69] com.cmcc.noobcloud.networkservice.threads.BtsCellCoverRank第14批次从14000至15000执行完毕
[2021-11-04 13:25:27,793][pool-16-thread-5][INFO][com.cmcc.noobcloud.networkservice.task.BtsCellCoverRankSchedule:69] com.cmcc.noobcloud.networkservice.threads.BtsCellCoverRank第16批次从16000至17000执行完毕
[2021-11-04 13:25:27,814][pool-16-thread-6][INFO][com.cmcc.noobcloud.networkservice.task.BtsCellCoverRankSchedule:69] com.cmcc.noobcloud.networkservice.threads.BtsCellCoverRank第17批次从17000至18000执行完毕
[2021-11-04 13:25:27,814][scheduling-1][INFO][com.cmcc.noobcloud.networkservice.task.BtsCellCoverRankSchedule:61] com.cmcc.noobcloud.networkservice.task.BtsCellCoverRankSchedule$$EnhancerBySpringCGLIB$$14f8db8c从18001 到19000
[2021-11-04 13:25:27,815][scheduling-1][INFO][com.cmcc.noobcloud.networkservice.task.BtsCellCoverRankSchedule:61] com.cmcc.noobcloud.networkservice.task.BtsCellCoverRankSchedule$$EnhancerBySpringCGLIB$$14f8db8c从19001 到20000
[2021-11-04 13:25:27,815][scheduling-1][INFO][com.cmcc.noobcloud.networkservice.task.BtsCellCoverRankSchedule:61] com.cmcc.noobcloud.networkservice.task.BtsCellCoverRankSchedule$$EnhancerBySpringCGLIB$$14f8db8c从20001 到21000
[2021-11-04 13:25:27,815][scheduling-1][INFO][com.cmcc.noobcloud.networkservice.task.BtsCellCoverRankSchedule:61] com.cmcc.noobcloud.networkservice.task.BtsCellCoverRankSchedule$$EnhancerBySpringCGLIB$$14f8db8c从21001 到22000
[2021-11-04 13:25:27,815][scheduling-1][INFO][com.cmcc.noobcloud.networkservice.task.BtsCellCoverRankSchedule:61] com.cmcc.noobcloud.networkservice.task.BtsCellCoverRankSchedule$$EnhancerBySpringCGLIB$$14f8db8c从22001 到23000
[2021-11-04 13:25:27,815][scheduling-1][INFO][com.cmcc.noobcloud.networkservice.task.BtsCellCoverRankSchedule:61] com.cmcc.noobcloud.networkservice.task.BtsCellCoverRankSchedule$$EnhancerBySpringCGLIB$$14f8db8c从23001 到24000
[2021-11-04 13:26:16,612][pool-17-thread-5][INFO][com.cmcc.noobcloud.networkservice.task.BtsCellCoverRankSchedule:69] com.cmcc.noobcloud.networkservice.threads.BtsCellCoverRank第22批次从22000至23000执行完毕
[2021-11-04 13:26:16,825][pool-17-thread-2][INFO][com.cmcc.noobcloud.networkservice.task.BtsCellCoverRankSchedule:69] com.cmcc.noobcloud.networkservice.threads.BtsCellCoverRank第19批次从19000至20000执行完毕
[2021-11-04 13:26:16,856][pool-17-thread-4][INFO][com.cmcc.noobcloud.networkservice.task.BtsCellCoverRankSchedule:69] com.cmcc.noobcloud.networkservice.threads.BtsCellCoverRank第21批次从21000至22000执行完毕
[2021-11-04 13:26:16,859][pool-17-thread-1][INFO][com.cmcc.noobcloud.networkservice.task.BtsCellCoverRankSchedule:69] com.cmcc.noobcloud.networkservice.threads.BtsCellCoverRank第18批次从18000至19000执行完毕
[2021-11-04 13:26:16,864][pool-17-thread-3][INFO][com.cmcc.noobcloud.networkservice.task.BtsCellCoverRankSchedule:69] com.cmcc.noobcloud.networkservice.threads.BtsCellCoverRank第20批次从20000至21000执行完毕
[2021-11-04 13:26:16,942][pool-17-thread-6][INFO][com.cmcc.noobcloud.networkservice.task.BtsCellCoverRankSchedule:69] com.cmcc.noobcloud.networkservice.threads.BtsCellCoverRank第23批次从23000至24000执行完毕
[2021-11-04 13:26:16,942][scheduling-1][INFO][com.cmcc.noobcloud.networkservice.task.BtsCellCoverRankSchedule:61] com.cmcc.noobcloud.networkservice.task.BtsCellCoverRankSchedule$$EnhancerBySpringCGLIB$$14f8db8c从24001 到25000
[2021-11-04 13:26:16,943][scheduling-1][INFO][com.cmcc.noobcloud.networkservice.task.BtsCellCoverRankSchedule:61] com.cmcc.noobcloud.networkservice.task.BtsCellCoverRankSchedule$$EnhancerBySpringCGLIB$$14f8db8c从25001 到26000
[2021-11-04 13:26:16,943][scheduling-1][INFO][com.cmcc.noobcloud.networkservice.task.BtsCellCoverRankSchedule:61] com.cmcc.noobcloud.networkservice.task.BtsCellCoverRankSchedule$$EnhancerBySpringCGLIB$$14f8db8c从26001 到27000
[2021-11-04 13:26:16,943][scheduling-1][INFO][com.cmcc.noobcloud.networkservice.task.BtsCellCoverRankSchedule:61] com.cmcc.noobcloud.networkservice.task.BtsCellCoverRankSchedule$$EnhancerBySpringCGLIB$$14f8db8c从27001 到28000
[2021-11-04 13:26:16,943][scheduling-1][INFO][com.cmcc.noobcloud.networkservice.task.BtsCellCoverRankSchedule:61] com.cmcc.noobcloud.networkservice.task.BtsCellCoverRankSchedule$$EnhancerBySpringCGLIB$$14f8db8c从28001 到29000
[2021-11-04 13:26:16,943][scheduling-1][INFO][com.cmcc.noobcloud.networkservice.task.BtsCellCoverRankSchedule:61] com.cmcc.noobcloud.networkservice.task.BtsCellCoverRankSchedule$$EnhancerBySpringCGLIB$$14f8db8c从29001 到30000
[2021-11-04 13:27:05,754][pool-18-thread-4][INFO][com.cmcc.noobcloud.networkservice.task.BtsCellCoverRankSchedule:69] com.cmcc.noobcloud.networkservice.threads.BtsCellCoverRank第27批次从27000至28000执行完毕
[2021-11-04 13:27:05,903][pool-18-thread-1][INFO][com.cmcc.noobcloud.networkservice.task.BtsCellCoverRankSchedule:69] com.cmcc.noobcloud.networkservice.threads.BtsCellCoverRank第24批次从24000至25000执行完毕
[2021-11-04 13:27:05,965][pool-18-thread-3][INFO][com.cmcc.noobcloud.networkservice.task.BtsCellCoverRankSchedule:69] com.cmcc.noobcloud.networkservice.threads.BtsCellCoverRank第26批次从26000至27000执行完毕
[2021-11-04 13:27:06,031][pool-18-thread-6][INFO][com.cmcc.noobcloud.networkservice.task.BtsCellCoverRankSchedule:69] com.cmcc.noobcloud.networkservice.threads.BtsCellCoverRank第29批次从29000至30000执行完毕
[2021-11-04 13:27:06,062][pool-18-thread-2][INFO][com.cmcc.noobcloud.networkservice.task.BtsCellCoverRankSchedule:69] com.cmcc.noobcloud.networkservice.threads.BtsCellCoverRank第25批次从25000至26000执行完毕
[2021-11-04 13:27:06,064][pool-18-thread-5][INFO][com.cmcc.noobcloud.networkservice.task.BtsCellCoverRankSchedule:69] com.cmcc.noobcloud.networkservice.threads.BtsCellCoverRank第28批次从28000至29000执行完毕
[2021-11-04 13:27:06,064][scheduling-1][INFO][com.cmcc.noobcloud.networkservice.task.BtsCellCoverRankSchedule:61] com.cmcc.noobcloud.networkservice.task.BtsCellCoverRankSchedule$$EnhancerBySpringCGLIB$$14f8db8c从30001 到31000
[2021-11-04 13:27:06,064][scheduling-1][INFO][com.cmcc.noobcloud.networkservice.task.BtsCellCoverRankSchedule:61] com.cmcc.noobcloud.networkservice.task.BtsCellCoverRankSchedule$$EnhancerBySpringCGLIB$$14f8db8c从31001 到32000
[2021-11-04 13:27:06,064][scheduling-1][INFO][com.cmcc.noobcloud.networkservice.task.BtsCellCoverRankSchedule:61] com.cmcc.noobcloud.networkservice.task.BtsCellCoverRankSchedule$$EnhancerBySpringCGLIB$$14f8db8c从32001 到33000
[2021-11-04 13:27:06,064][scheduling-1][INFO][com.cmcc.noobcloud.networkservice.task.BtsCellCoverRankSchedule:61] com.cmcc.noobcloud.networkservice.task.BtsCellCoverRankSchedule$$EnhancerBySpringCGLIB$$14f8db8c从33001 到34000
[2021-11-04 13:27:06,064][scheduling-1][INFO][com.cmcc.noobcloud.networkservice.task.BtsCellCoverRankSchedule:61] com.cmcc.noobcloud.networkservice.task.BtsCellCoverRankSchedule$$EnhancerBySpringCGLIB$$14f8db8c从34001 到35000
[2021-11-04 13:27:06,065][scheduling-1][INFO][com.cmcc.noobcloud.networkservice.task.BtsCellCoverRankSchedule:61] com.cmcc.noobcloud.networkservice.task.BtsCellCoverRankSchedule$$EnhancerBySpringCGLIB$$14f8db8c从35001 到36000
[2021-11-04 13:27:54,870][pool-19-thread-1][INFO][com.cmcc.noobcloud.networkservice.task.BtsCellCoverRankSchedule:69] com.cmcc.noobcloud.networkservice.threads.BtsCellCoverRank第30批次从30000至31000执行完毕
[2021-11-04 13:27:55,045][pool-19-thread-5][INFO][com.cmcc.noobcloud.networkservice.task.BtsCellCoverRankSchedule:69] com.cmcc.noobcloud.networkservice.threads.BtsCellCoverRank第34批次从34000至35000执行完毕
[2021-11-04 13:27:55,054][pool-19-thread-2][INFO][com.cmcc.noobcloud.networkservice.task.BtsCellCoverRankSchedule:69] com.cmcc.noobcloud.networkservice.threads.BtsCellCoverRank第31批次从31000至32000执行完毕
[2021-11-04 13:27:55,196][pool-19-thread-6][INFO][com.cmcc.noobcloud.networkservice.task.BtsCellCoverRankSchedule:69] com.cmcc.noobcloud.networkservice.threads.BtsCellCoverRank第35批次从35000至36000执行完毕
[2021-11-04 13:27:55,349][pool-19-thread-3][INFO][com.cmcc.noobcloud.networkservice.task.BtsCellCoverRankSchedule:69] com.cmcc.noobcloud.networkservice.threads.BtsCellCoverRank第32批次从32000至33000执行完毕
[2021-11-04 13:27:55,351][pool-19-thread-4][INFO][com.cmcc.noobcloud.networkservice.task.BtsCellCoverRankSchedule:69] com.cmcc.noobcloud.networkservice.threads.BtsCellCoverRank第33批次从33000至34000执行完毕
[2021-11-04 13:27:55,351][scheduling-1][INFO][com.cmcc.noobcloud.networkservice.task.BtsCellCoverRankSchedule:61] com.cmcc.noobcloud.networkservice.task.BtsCellCoverRankSchedule$$EnhancerBySpringCGLIB$$14f8db8c从36001 到37000
[2021-11-04 13:27:55,351][scheduling-1][INFO][com.cmcc.noobcloud.networkservice.task.BtsCellCoverRankSchedule:61] com.cmcc.noobcloud.networkservice.task.BtsCellCoverRankSchedule$$EnhancerBySpringCGLIB$$14f8db8c从37001 到38000
[2021-11-04 13:27:55,351][scheduling-1][INFO][com.cmcc.noobcloud.networkservice.task.BtsCellCoverRankSchedule:61] com.cmcc.noobcloud.networkservice.task.BtsCellCoverRankSchedule$$EnhancerBySpringCGLIB$$14f8db8c从38001 到39000
[2021-11-04 13:27:55,351][scheduling-1][INFO][com.cmcc.noobcloud.networkservice.task.BtsCellCoverRankSchedule:61] com.cmcc.noobcloud.networkservice.task.BtsCellCoverRankSchedule$$EnhancerBySpringCGLIB$$14f8db8c从39001 到40000
[2021-11-04 13:27:55,352][scheduling-1][INFO][com.cmcc.noobcloud.networkservice.task.BtsCellCoverRankSchedule:61] com.cmcc.noobcloud.networkservice.task.BtsCellCoverRankSchedule$$EnhancerBySpringCGLIB$$14f8db8c从40001 到41000
[2021-11-04 13:27:55,352][scheduling-1][INFO][com.cmcc.noobcloud.networkservice.task.BtsCellCoverRankSchedule:61] com.cmcc.noobcloud.networkservice.task.BtsCellCoverRankSchedule$$EnhancerBySpringCGLIB$$14f8db8c从41001 到42000
[2021-11-04 13:28:03,210][AsyncResolver-bootstrap-executor-0][INFO][com.netflix.discovery.shared.resolver.aws.ConfigClusterResolver:43] Resolving eureka endpoints via configuration
[2021-11-04 13:28:44,424][pool-20-thread-3][INFO][com.cmcc.noobcloud.networkservice.task.BtsCellCoverRankSchedule:69] com.cmcc.noobcloud.networkservice.threads.BtsCellCoverRank第38批次从38000至39000执行完毕
[2021-11-04 13:28:44,424][pool-20-thread-6][INFO][com.cmcc.noobcloud.networkservice.task.BtsCellCoverRankSchedule:69] com.cmcc.noobcloud.networkservice.threads.BtsCellCoverRank第41批次从41000至42000执行完毕
[2021-11-04 13:28:44,446][pool-20-thread-5][INFO][com.cmcc.noobcloud.networkservice.task.BtsCellCoverRankSchedule:69] com.cmcc.noobcloud.networkservice.threads.BtsCellCoverRank第40批次从40000至41000执行完毕
[2021-11-04 13:28:44,590][pool-20-thread-1][INFO][com.cmcc.noobcloud.networkservice.task.BtsCellCoverRankSchedule:69] com.cmcc.noobcloud.networkservice.threads.BtsCellCoverRank第36批次从36000至37000执行完毕
[2021-11-04 13:28:44,675][pool-20-thread-4][INFO][com.cmcc.noobcloud.networkservice.task.BtsCellCoverRankSchedule:69] com.cmcc.noobcloud.networkservice.threads.BtsCellCoverRank第39批次从39000至40000执行完毕
[2021-11-04 13:28:44,721][pool-20-thread-2][INFO][com.cmcc.noobcloud.networkservice.task.BtsCellCoverRankSchedule:69] com.cmcc.noobcloud.networkservice.threads.BtsCellCoverRank第37批次从37000至38000执行完毕
[2021-11-04 13:28:44,721][scheduling-1][INFO][com.cmcc.noobcloud.networkservice.task.BtsCellCoverRankSchedule:61] com.cmcc.noobcloud.networkservice.task.BtsCellCoverRankSchedule$$EnhancerBySpringCGLIB$$14f8db8c从42001 到43000
[2021-11-04 13:28:44,721][scheduling-1][INFO][com.cmcc.noobcloud.networkservice.task.BtsCellCoverRankSchedule:61] com.cmcc.noobcloud.networkservice.task.BtsCellCoverRankSchedule$$EnhancerBySpringCGLIB$$14f8db8c从43001 到44000
[2021-11-04 13:28:44,722][scheduling-1][INFO][com.cmcc.noobcloud.networkservice.task.BtsCellCoverRankSchedule:61] com.cmcc.noobcloud.networkservice.task.BtsCellCoverRankSchedule$$EnhancerBySpringCGLIB$$14f8db8c从44001 到45000
[2021-11-04 13:28:44,722][scheduling-1][INFO][com.cmcc.noobcloud.networkservice.task.BtsCellCoverRankSchedule:61] com.cmcc.noobcloud.networkservice.task.BtsCellCoverRankSchedule$$EnhancerBySpringCGLIB$$14f8db8c从45001 到46000
[2021-11-04 13:28:44,723][scheduling-1][INFO][com.cmcc.noobcloud.networkservice.task.BtsCellCoverRankSchedule:61] com.cmcc.noobcloud.networkservice.task.BtsCellCoverRankSchedule$$EnhancerBySpringCGLIB$$14f8db8c从46001 到47000
[2021-11-04 13:28:44,723][scheduling-1][INFO][com.cmcc.noobcloud.networkservice.task.BtsCellCoverRankSchedule:61] com.cmcc.noobcloud.networkservice.task.BtsCellCoverRankSchedule$$EnhancerBySpringCGLIB$$14f8db8c从47001 到48000
[2021-11-04 13:29:33,559][pool-21-thread-3][INFO][com.cmcc.noobcloud.networkservice.task.BtsCellCoverRankSchedule:69] com.cmcc.noobcloud.networkservice.threads.BtsCellCoverRank第44批次从44000至45000执行完毕
[2021-11-04 13:29:33,598][pool-21-thread-1][INFO][com.cmcc.noobcloud.networkservice.task.BtsCellCoverRankSchedule:69] com.cmcc.noobcloud.networkservice.threads.BtsCellCoverRank第42批次从42000至43000执行完毕
[2021-11-04 13:29:33,692][pool-21-thread-4][INFO][com.cmcc.noobcloud.networkservice.task.BtsCellCoverRankSchedule:69] com.cmcc.noobcloud.networkservice.threads.BtsCellCoverRank第45批次从45000至46000执行完毕
[2021-11-04 13:29:33,719][pool-21-thread-5][INFO][com.cmcc.noobcloud.networkservice.task.BtsCellCoverRankSchedule:69] com.cmcc.noobcloud.networkservice.threads.BtsCellCoverRank第46批次从46000至47000执行完毕
[2021-11-04 13:29:33,736][pool-21-thread-6][INFO][com.cmcc.noobcloud.networkservice.task.BtsCellCoverRankSchedule:69] com.cmcc.noobcloud.networkservice.threads.BtsCellCoverRank第47批次从47000至48000执行完毕
[2021-11-04 13:29:33,754][pool-21-thread-2][INFO][com.cmcc.noobcloud.networkservice.task.BtsCellCoverRankSchedule:69] com.cmcc.noobcloud.networkservice.threads.BtsCellCoverRank第43批次从43000至44000执行完毕
[2021-11-04 13:29:33,754][scheduling-1][INFO][com.cmcc.noobcloud.networkservice.task.BtsCellCoverRankSchedule:61] com.cmcc.noobcloud.networkservice.task.BtsCellCoverRankSchedule$$EnhancerBySpringCGLIB$$14f8db8c从48001 到49000
[2021-11-04 13:29:33,754][scheduling-1][INFO][com.cmcc.noobcloud.networkservice.task.BtsCellCoverRankSchedule:61] com.cmcc.noobcloud.networkservice.task.BtsCellCoverRankSchedule$$EnhancerBySpringCGLIB$$14f8db8c从49001 到50000
[2021-11-04 13:29:33,754][scheduling-1][INFO][com.cmcc.noobcloud.networkservice.task.BtsCellCoverRankSchedule:61] com.cmcc.noobcloud.networkservice.task.BtsCellCoverRankSchedule$$EnhancerBySpringCGLIB$$14f8db8c从50001 到51000
[2021-11-04 13:29:33,755][scheduling-1][INFO][com.cmcc.noobcloud.networkservice.task.BtsCellCoverRankSchedule:61] com.cmcc.noobcloud.networkservice.task.BtsCellCoverRankSchedule$$EnhancerBySpringCGLIB$$14f8db8c从51001 到52000
[2021-11-04 13:29:33,755][scheduling-1][INFO][com.cmcc.noobcloud.networkservice.task.BtsCellCoverRankSchedule:61] com.cmcc.noobcloud.networkservice.task.BtsCellCoverRankSchedule$$EnhancerBySpringCGLIB$$14f8db8c从52001 到53000
[2021-11-04 13:29:33,755][scheduling-1][INFO][com.cmcc.noobcloud.networkservice.task.BtsCellCoverRankSchedule:61] com.cmcc.noobcloud.networkservice.task.BtsCellCoverRankSchedule$$EnhancerBySpringCGLIB$$14f8db8c从53001 到54000
[2021-11-04 13:29:58,018][pool-22-thread-6][INFO][com.cmcc.noobcloud.networkservice.task.BtsCellCoverRankSchedule:69] com.cmcc.noobcloud.networkservice.threads.BtsCellCoverRank第53批次从53000至54000执行完毕
[2021-11-04 13:30:21,777][pool-22-thread-4][INFO][com.cmcc.noobcloud.networkservice.task.BtsCellCoverRankSchedule:69] com.cmcc.noobcloud.networkservice.threads.BtsCellCoverRank第51批次从51000至52000执行完毕
[2021-11-04 13:30:21,781][pool-22-thread-5][INFO][com.cmcc.noobcloud.networkservice.task.BtsCellCoverRankSchedule:69] com.cmcc.noobcloud.networkservice.threads.BtsCellCoverRank第52批次从52000至53000执行完毕
[2021-11-04 13:30:21,893][pool-22-thread-2][INFO][com.cmcc.noobcloud.networkservice.task.BtsCellCoverRankSchedule:69] com.cmcc.noobcloud.networkservice.threads.BtsCellCoverRank第49批次从49000至50000执行完毕
[2021-11-04 13:30:22,026][pool-22-thread-1][INFO][com.cmcc.noobcloud.networkservice.task.BtsCellCoverRankSchedule:69] com.cmcc.noobcloud.networkservice.threads.BtsCellCoverRank第48批次从48000至49000执行完毕
[2021-11-04 13:30:22,057][pool-22-thread-3][INFO][com.cmcc.noobcloud.networkservice.task.BtsCellCoverRankSchedule:69] com.cmcc.noobcloud.networkservice.threads.BtsCellCoverRank第50批次从50000至51000执行完毕
[2021-11-04 13:30:22,058][scheduling-1][INFO][com.cmcc.noobcloud.networkservice.task.BtsCellCoverRankSchedule:74] com.cmcc.noobcloud.networkservice.task.BtsCellCoverRankSchedule$$EnhancerBySpringCGLIB$$14f8db8c结束定时更新,现在的时间是:Thu Nov 04 13:30:22 CST 2021
[2021-11-04 13:33:03,211][AsyncResolver-bootstrap-executor-0][INFO][com.netflix.discovery.shared.resolver.aws.ConfigClusterResolver:43] Resolving eureka endpoints via configuration
[2021-11-04 13:38:03,220][AsyncResolver-bootstrap-executor-0][INFO][com.netflix.discovery.shared.resolver.aws.ConfigClusterResolver:43] Resolving eureka endpoints via configuration
[2021-11-04 13:43:03,226][AsyncResolver-bootstrap-executor-0][INFO][com.netflix.discovery.shared.resolver.aws.ConfigClusterResolver:43] Resolving eureka endpoints via configuration
[2021-11-04 13:48:03,236][AsyncResolver-bootstrap-executor-0][INFO][com.netflix.discovery.shared.resolver.aws.ConfigClusterResolver:43] Resolving eureka endpoints via configuration
[2021-11-04 13:53:03,255][AsyncResolver-bootstrap-executor-0][INFO][com.netflix.discovery.shared.resolver.aws.ConfigClusterResolver:43] Resolving eureka endpoints via configuration
[2021-11-04 13:58:03,258][AsyncResolver-bootstrap-executor-0][INFO][com.netflix.discovery.shared.resolver.aws.ConfigClusterResolver:43] Resolving eureka endpoints via configuration
[2021-11-04 14:03:03,270][AsyncResolver-bootstrap-executor-0][INFO][com.netflix.discovery.shared.resolver.aws.ConfigClusterResolver:43] Resolving eureka endpoints via configuration
[2021-11-04 14:08:03,283][AsyncResolver-bootstrap-executor-0][INFO][com.netflix.discovery.shared.resolver.aws.ConfigClusterResolver:43] Resolving eureka endpoints via configuration
[2021-11-04 14:13:03,299][AsyncResolver-bootstrap-executor-0][INFO][com.netflix.discovery.shared.resolver.aws.ConfigClusterResolver:43] Resolving eureka endpoints via configuration
[2021-11-04 14:18:03,306][AsyncResolver-bootstrap-executor-0][INFO][com.netflix.discovery.shared.resolver.aws.ConfigClusterResolver:43] Resolving eureka endpoints via configuration
[2021-11-04 14:23:03,312][AsyncResolver-bootstrap-executor-0][INFO][com.netflix.discovery.shared.resolver.aws.ConfigClusterResolver:43] Resolving eureka endpoints via configuration
[2021-11-04 14:28:03,312][AsyncResolver-bootstrap-executor-0][INFO][com.netflix.discovery.shared.resolver.aws.ConfigClusterResolver:43] Resolving eureka endpoints via configuration
[2021-11-04 14:33:03,315][AsyncResolver-bootstrap-executor-0][INFO][com.netflix.discovery.shared.resolver.aws.ConfigClusterResolver:43] Resolving eureka endpoints via configuration
[2021-11-04 14:38:03,329][AsyncResolver-bootstrap-executor-0][INFO][com.netflix.discovery.shared.resolver.aws.ConfigClusterResolver:43] Resolving eureka endpoints via configuration
[2021-11-04 14:43:04,594][AsyncResolver-bootstrap-executor-0][INFO][com.netflix.discovery.shared.resolver.aws.ConfigClusterResolver:43] Resolving eureka endpoints via configuration
[2021-11-04 14:48:04,602][AsyncResolver-bootstrap-executor-0][INFO][com.netflix.discovery.shared.resolver.aws.ConfigClusterResolver:43] Resolving eureka endpoints via configuration
[2021-11-04 14:53:04,616][AsyncResolver-bootstrap-executor-0][INFO][com.netflix.discovery.shared.resolver.aws.ConfigClusterResolver:43] Resolving eureka endpoints via configuration
[2021-11-04 14:57:44,009][http-nio-8082-exec-1][INFO][org.apache.catalina.core.ContainerBase.[Tomcat].[localhost].[/networkService]:173] Initializing Spring DispatcherServlet 'dispatcherServlet'
[2021-11-04 14:57:44,009][http-nio-8082-exec-1][INFO][org.springframework.web.servlet.DispatcherServlet:525] Initializing Servlet 'dispatcherServlet'
[2021-11-04 14:57:44,064][http-nio-8082-exec-1][INFO][org.springframework.web.servlet.DispatcherServlet:547] Completed initialization in 55 ms
[2021-11-04 14:57:44,196][http-nio-8082-exec-1][INFO][com.cmcc.noobcloud.networkservice.controller.UserController:30] info execute loginByName method
[2021-11-04 14:57:44,196][http-nio-8082-exec-1][INFO][com.cmcc.noobcloud.networkservice.controller.UserController:31] info execute loginByName method
[2021-11-04 14:57:48,617][http-nio-8082-exec-2][INFO][com.cmcc.noobcloud.networkservice.controller.NetworkController:28] com.cmcc.noobcloud.networkservice.controller.NetworkControllerqueryAllNetworksByPage
[2021-11-04 14:57:53,777][http-nio-8082-exec-3][INFO][com.cmcc.noobcloud.networkservice.controller.BtsCellController:26] com.cmcc.noobcloud.networkservice.controller.BtsCellControllerqueryAllBtsCellsByPage
[2021-11-04 14:58:04,619][AsyncResolver-bootstrap-executor-0][INFO][com.netflix.discovery.shared.resolver.aws.ConfigClusterResolver:43] Resolving eureka endpoints via configuration
[2021-11-04 15:02:38,882][http-nio-8082-exec-5][INFO][com.cmcc.noobcloud.networkservice.controller.BtsCellController:32] com.cmcc.noobcloud.networkservice.controller.BtsCellControllerqueryBtsCellsByCellId
[2021-11-04 15:02:53,370][http-nio-8082-exec-6][INFO][com.cmcc.noobcloud.networkservice.controller.BtsCellController:32] com.cmcc.noobcloud.networkservice.controller.BtsCellControllerqueryBtsCellsByCellId
[2021-11-04 15:03:04,623][AsyncResolver-bootstrap-executor-0][INFO][com.netflix.discovery.shared.resolver.aws.ConfigClusterResolver:43] Resolving eureka endpoints via configuration
[2021-11-04 15:03:19,731][http-nio-8082-exec-7][INFO][com.cmcc.noobcloud.networkservice.controller.NetworkController:28] com.cmcc.noobcloud.networkservice.controller.NetworkControllerqueryAllNetworksByPage
[2021-11-04 15:08:04,631][AsyncResolver-bootstrap-executor-0][INFO][com.netflix.discovery.shared.resolver.aws.ConfigClusterResolver:43] Resolving eureka endpoints via configuration
[2021-11-04 15:10:47,045][http-nio-8082-exec-9][INFO][com.cmcc.noobcloud.networkservice.controller.NetworkController:28] com.cmcc.noobcloud.networkservice.controller.NetworkControllerqueryAllNetworksByPage
[2021-11-04 15:10:51,027][http-nio-8082-exec-10][INFO][com.cmcc.noobcloud.networkservice.controller.BtsCellController:26] com.cmcc.noobcloud.networkservice.controller.BtsCellControllerqueryAllBtsCellsByPage
[2021-11-04 15:10:56,521][http-nio-8082-exec-1][INFO][com.cmcc.noobcloud.networkservice.controller.NetworkController:28] com.cmcc.noobcloud.networkservice.controller.NetworkControllerqueryAllNetworksByPage
[2021-11-04 15:13:04,637][AsyncResolver-bootstrap-executor-0][INFO][com.netflix.discovery.shared.resolver.aws.ConfigClusterResolver:43] Resolving eureka endpoints via configuration
[2021-11-04 15:18:04,651][AsyncResolver-bootstrap-executor-0][INFO][com.netflix.discovery.shared.resolver.aws.ConfigClusterResolver:43] Resolving eureka endpoints via configuration
[2021-11-04 15:23:04,658][AsyncResolver-bootstrap-executor-0][INFO][com.netflix.discovery.shared.resolver.aws.ConfigClusterResolver:43] Resolving eureka endpoints via configuration
[2021-11-04 15:28:04,661][AsyncResolver-bootstrap-executor-0][INFO][com.netflix.discovery.shared.resolver.aws.ConfigClusterResolver:43] Resolving eureka endpoints via configuration
[2021-11-04 15:33:04,675][AsyncResolver-bootstrap-executor-0][INFO][com.netflix.discovery.shared.resolver.aws.ConfigClusterResolver:43] Resolving eureka endpoints via configuration
[2021-11-04 15:38:04,683][AsyncResolver-bootstrap-executor-0][INFO][com.netflix.discovery.shared.resolver.aws.ConfigClusterResolver:43] Resolving eureka endpoints via configuration
[2021-11-04 15:43:04,689][AsyncResolver-bootstrap-executor-0][INFO][com.netflix.discovery.shared.resolver.aws.ConfigClusterResolver:43] Resolving eureka endpoints via configuration
[2021-11-04 15:48:04,704][AsyncResolver-bootstrap-executor-0][INFO][com.netflix.discovery.shared.resolver.aws.ConfigClusterResolver:43] Resolving eureka endpoints via configuration
